<?xml version="1.0" encoding="UTF-8"?>
<!-- Generated by org.testng.reporters.JUnitReportReporter -->
<testsuite hostname="Nandan" failures="0" tests="1" name="Evenkart.DashboardTest" time="13.537" errors="0" timestamp="2025-04-02T11:37:45 IST" skipped="0">
  <testcase classname="Evenkart.DashboardTest" name="testDashboardNavigation" time="13.537"/>
</testsuite> <!-- Evenkart.DashboardTest -->
