<?xml version="1.0" encoding="UTF-8"?>
<!-- Generated by org.testng.reporters.JUnitReportReporter -->
<testsuite hostname="Nandan" failures="0" tests="3" name="Evenkart.AdminPanel" time="46.065" errors="0" timestamp="2025-03-29T13:08:56 IST" skipped="0">
  <testcase classname="Evenkart.AdminPanel" name="testDashBoard" time="14.473"/>
  <testcase classname="Evenkart.AdminPanel" name="testLogin" time="8.767"/>
  <testcase classname="Evenkart.AdminPanel" name="testProductflow" time="22.825"/>
</testsuite> <!-- Evenkart.AdminPanel -->
