<?xml version="1.0" encoding="UTF-8"?>
<!-- Generated by org.testng.reporters.JUnitReportReporter -->
<testsuite hostname="Nandan" failures="0" tests="2" name="Evenkart.AdminPanel" time="31.968" errors="0" timestamp="2025-03-29T12:31:15 IST" skipped="0">
  <testcase classname="Evenkart.AdminPanel" name="testDashBoard" time="20.852"/>
  <testcase classname="Evenkart.AdminPanel" name="testLogin" time="11.116"/>
</testsuite> <!-- Evenkart.AdminPanel -->
