<?xml version="1.0" encoding="UTF-8"?>
<!-- Generated by org.testng.reporters.JUnitReportReporter -->
<testsuite hostname="Nandan" failures="0" tests="3" name="Evenkart.AdminPanel" time="44.049" errors="0" timestamp="2025-03-31T11:30:42 IST" skipped="0">
  <testcase classname="Evenkart.AdminPanel" name="testLogin" time="12.843"/>
  <testcase classname="Evenkart.AdminPanel" name="testDashBoard" time="15.138"/>
  <testcase classname="Evenkart.AdminPanel" name="testProductflow" time="16.068"/>
</testsuite> <!-- Evenkart.AdminPanel -->
