<?xml version="1.0" encoding="UTF-8"?>
<!-- Generated by org.testng.reporters.JUnitReportReporter -->
<testsuite hostname="Nandan" failures="0" tests="1" name="Evenkart.DashboardTest" time="10.933" errors="0" timestamp="2025-03-28T21:47:45 IST" skipped="0">
  <testcase classname="Evenkart.DashboardTest" name="testDashboardNavigation" time="10.933"/>
</testsuite> <!-- Evenkart.DashboardTest -->
