<?xml version="1.0" encoding="UTF-8"?>
<!-- Generated by org.testng.reporters.JUnitReportReporter -->
<testsuite hostname="Nandan" failures="0" tests="1" name="Evenkart.AdminPanel" time="22.260" errors="0" timestamp="2025-03-29T01:31:29 IST" skipped="0">
  <testcase classname="Evenkart.AdminPanel" name="testAdminPanel" time="22.260"/>
</testsuite> <!-- Evenkart.AdminPanel -->
